-----------------mxc_w1.c-----------------
// SPDX-License-Identifier: GPL-2.0-or-later

MODULE_LICENSE("GPL");
MODULE_AUTHOR("Freescale Semiconductors Inc");
MODULE_DESCRIPTION("Driver for One-Wire on MXC");
-----------------sgi_w1.c-----------------
// SPDX-License-Identifier: GPL-2.0

MODULE_LICENSE("GPL");
MODULE_AUTHOR("Thomas Bogendoerfer");
MODULE_DESCRIPTION("Driver for One-Wire IP in SGI ASICs");
-----------------omap_hdq.c-----------------
// SPDX-License-Identifier: GPL-2.0-only

MODULE_AUTHOR("Texas Instruments");

MODULE_DESCRIPTION("HDQ-1W driver Library");

MODULE_LICENSE("GPL");
-----------------w1-gpio.c-----------------
// SPDX-License-Identifier: GPL-2.0-only

Copyright (C) 2007 Ville Syrjala <syrjala@sci.fi>

MODULE_DESCRIPTION("GPIO w1 bus master driver");
MODULE_AUTHOR("Ville Syrjala <syrjala@sci.fi>");
MODULE_LICENSE("GPL");
-----------------ds2490.c-----------------
// SPDX-License-Identifier: GPL-2.0-or-later
MODULE_AUTHOR("Evgeniy Polyakov <zbr@ioremap.net>");
MODULE_DESCRIPTION("DS2490 USB <-> W1 bus master driver (DS9490*)");
MODULE_LICENSE("GPL");
-----------------ds2482.c-----------------
// SPDX-License-Identifier: GPL-2.0-only

MODULE_LICENSE("GPL");
MODULE_AUTHOR("Ben Gardner <bgardner@wabtec.com>");
MODULE_DESCRIPTION("DS2482 driver");
-----------------w1-uart.c-----------------
GPL
-----------------amd_axi_w1.c-----------------
// SPDX-License-Identifier: GPL-2.0-only

Copyright (C) 2022-2023 Advanced Micro Devices, Inc. All Rights Reserved.
-----------------matrox_w1.c-----------------
// SPDX-License-Identifier: GPL-2.0-or-later

Copyright (c) 2004 Evgeniy Polyakov <zbr@ioremap.net>

MODULE_AUTHOR("Evgeniy Polyakov <zbr@ioremap.net>");

MODULE_DESCRIPTION("Driver for transport(Dallas 1-wire protocol) over VGA DDC(matrox gpio).");

MODULE_LICENSE("GPL");
