-----------------ca_midi.c-----------------
// SPDX-License-Identifier: GPL-2.0-or-later

Copyright 10/16/2005 Tilman Kranz <tilde@tk-sls.de>

Copyright (c) by Jaroslav Kysela <perex@perex.cz>

Copyright (c) by Francisco Moraes <fmoraes@nc.rr.com>
-----------------ca0106_mixer.c-----------------
// SPDX-License-Identifier: GPL-2.0-or-later

Copyright (c) 2004 James Courtier-Dutton <James@superbug.demon.co.uk>

Copyright (c) by Francisco Moraes <fmoraes@nc.rr.com>
-----------------ca0106.h-----------------
/* SPDX-License-Identifier: GPL-2.0-or-later */

Copyright (c) 2004 James Courtier-Dutton <James@superbug.demon.co.uk>

Copyright (c) by Francisco Moraes <fmoraes@nc.rr.com>
-----------------ca0106_main.c-----------------
// SPDX-License-Identifier: GPL-2.0-or-later

Copyright (c) 2004 James Courtier-Dutton <James@superbug.demon.co.uk>

MODULE_AUTHOR("James Courtier-Dutton <James@superbug.demon.co.uk>");
MODULE_DESCRIPTION("CA0106");
MODULE_LICENSE("GPL");
-----------------ca_midi.h-----------------
/* SPDX-License-Identifier: GPL-2.0-or-later */

 *  Copyright 10/16/2005 Tilman Kranz <tilde@tk-sls.de>
-----------------ca0106_proc.c-----------------
// SPDX-License-Identifier: GPL-2.0-or-later

Copyright (c) 2004 James Courtier-Dutton <James@superbug.demon.co.uk>

This code was initially based on code from ALSA's emu10k1x.c which is:
Copyright (c) by Francisco Moraes <fmoraes@nc.rr.com>
