-----------------acp-stream.c-----------------
// SPDX-License-Identifier: (GPL-2.0-only OR BSD-3-Clause)
//
// Copyright(c) 2021 Advanced Micro Devices, Inc.
-----------------acp70.c-----------------
// SPDX-License-Identifier: (GPL-2.0-only OR BSD-3-Clause)

Copyright(c) 2024 Advanced Micro Devices, Inc.
-----------------acp-probes.c-----------------
// SPDX-License-Identifier: (GPL-2.0-only OR BSD-3-Clause)
//
// Copyright(c) 2023 Advanced Micro Devices, Inc.
-----------------renoir.c-----------------
// SPDX-License-Identifier: (GPL-2.0-only OR BSD-3-Clause)

// Copyright(c) 2021 Advanced Micro Devices, Inc.
-----------------pci-acp70.c-----------------
// SPDX-License-Identifier: (GPL-2.0-only OR BSD-3-Clause)

Copyright(c) 2024 Advanced Micro Devices, Inc. All rights reserved.

MODULE_LICENSE("Dual BSD/GPL")
-----------------acp-dsp-offset.h-----------------
/* SPDX-License-Identifier: (GPL-2.0-only OR BSD-3-Clause) */

/*
 * This file is provided under a dual BSD/GPLv2 license. When using or
 * redistributing this file, you may do so under either license.
 *
 * Copyright(c) 2021, 2023, 2024 Advanced Micro Devices, Inc. All rights reserved.
 *
 * Author: Ajit Kumar Pandey <AjitKumar.Pandey@amd.com>
 */
-----------------acp-ipc.c-----------------
// SPDX-License-Identifier: (GPL-2.0-only OR BSD-3-Clause)

Copyright(c) 2021, 2023 Advanced Micro Devices, Inc.
-----------------acp63.c-----------------
// SPDX-License-Identifier: (GPL-2.0-only OR BSD-3-Clause)
//
// Copyright(c) 2023 Advanced Micro Devices, Inc.
-----------------acp-loader.c-----------------
// SPDX-License-Identifier: (GPL-2.0-only OR BSD-3-Clause)

Copyright(c) 2021, 2023 Advanced Micro Devices, Inc.
-----------------acp-trace.c-----------------
// SPDX-License-Identifier: (GPL-2.0-only OR BSD-3-Clause)
//
// Copyright(c) 2021 Advanced Micro Devices, Inc. All rights reserved.
-----------------rembrandt.c-----------------
// SPDX-License-Identifier: (GPL-2.0-only OR BSD-3-Clause)
//
// Copyright(c) 2022 Advanced Micro Devices, Inc.
-----------------acp.c-----------------
// SPDX-License-Identifier: (GPL-2.0-only OR BSD-3-Clause)

MODULE_LICENSE("Dual BSD/GPL");
-----------------vangogh.c-----------------
// SPDX-License-Identifier: (GPL-2.0-only OR BSD-3-Clause)

Copyright(c) 2023 Advanced Micro Devices, Inc.
-----------------pci-rn.c-----------------
// SPDX-License-Identifier: (GPL-2.0-only OR BSD-3-Clause)

Copyright(c) 2021 Advanced Micro Devices, Inc. All rights reserved.

MODULE_LICENSE("Dual BSD/GPL");
-----------------pci-vangogh.c-----------------
// SPDX-License-Identifier: (GPL-2.0-only OR BSD-3-Clause)

Copyright(c) 2023 Advanced Micro Devices, Inc. All rights reserved.

MODULE_LICENSE("Dual BSD/GPL");
-----------------pci-rmb.c-----------------
// SPDX-License-Identifier: (GPL-2.0-only OR BSD-3-Clause)
//
// Copyright(c) 2022 Advanced Micro Devices, Inc. All rights reserved.
//
// MODULE_LICENSE("Dual BSD/GPL");
// MODULE_DESCRIPTION("REMBRANDT SOF Driver");
// MODULE_IMPORT_NS(SND_SOC_SOF_AMD_COMMON);
// MODULE_IMPORT_NS(SND_SOC_SOF_PCI_DEV);
-----------------pci-acp63.c-----------------
// SPDX-License-Identifier: (GPL-2.0-only OR BSD-3-Clause)

// Copyright(c) 2023 Advanced Micro Devices, Inc. All rights reserved.

MODULE_LICENSE("Dual BSD/GPL");
-----------------acp-common.c-----------------
// SPDX-License-Identifier: (GPL-2.0-only OR BSD-3-Clause)

MODULE_LICENSE("Dual BSD/GPL");
-----------------acp-pcm.c-----------------
// SPDX-License-Identifier: (GPL-2.0-only OR BSD-3-Clause)
//
// Copyright(c) 2021 Advanced Micro Devices, Inc.
-----------------acp.h-----------------
/* SPDX-License-Identifier: (GPL-2.0-only OR BSD-3-Clause) */
/*
 * Copyright(c) 2021, 2023 Advanced Micro Devices, Inc. All rights reserved.
 */
