-----------------mt8183-afe-clk.c-----------------
// SPDX-License-Identifier: GPL-2.0

Copyright (c) 2018 MediaTek Inc.
-----------------mt8183-dai-pcm.c-----------------
// SPDX-License-Identifier: GPL-2.0

// Copyright (c) 2018 MediaTek Inc.
// Author: KaiChieh Chuang <kaichieh.chuang@mediatek.com>
-----------------mt8183-dai-adda.c-----------------
// SPDX-License-Identifier: GPL-2.0

Copyright (c) 2018 MediaTek Inc.
-----------------mt8183-afe-pcm.c-----------------
// SPDX-License-Identifier: GPL-2.0
MODULE_LICENSE("GPL v2");
MODULE_AUTHOR("KaiChieh Chuang <kaichieh.chuang@mediatek.com>");
MODULE_DESCRIPTION("Mediatek ALSA SoC AFE platform driver for 8183");
-----------------mt8183-dai-tdm.c-----------------
// SPDX-License-Identifier: GPL-2.0

Copyright (c) 2018 MediaTek Inc.
-----------------mt8183-interconnection.h-----------------
/* SPDX-License-Identifier: GPL-2.0 */

/*
 * Mediatek MT8183 audio driver interconnection definition
 *
 * Copyright (c) 2018 MediaTek Inc.
 * Author: KaiChieh Chuang <kaichieh.chuang@mediatek.com>
 */
-----------------mt8183-dai-hostless.c-----------------
// SPDX-License-Identifier: GPL-2.0

Copyright (c) 2018 MediaTek Inc.
-----------------mt8183-da7219-max98357.c-----------------
// SPDX-License-Identifier: GPL-2.0
MODULE_DESCRIPTION("MT8183-DA7219-MAX98357 ALSA SoC machine driver");
MODULE_AUTHOR("Shunli Wang <shunli.wang@mediatek.com>");
MODULE_LICENSE("GPL v2");
MODULE_ALIAS("mt8183_da7219_max98357 soc card");
-----------------mt8183-afe-clk.h-----------------
/* SPDX-License-Identifier: GPL-2.0 */

/*
 * mt8183-afe-clk.h  --  Mediatek 8183 afe clock ctrl definition
 *
 * Copyright (c) 2018 MediaTek Inc.
 * Author: KaiChieh Chuang <kaichieh.chuang@mediatek.com>
 */
-----------------mt8183-dai-i2s.c-----------------
// SPDX-License-Identifier: GPL-2.0
//
// MediaTek ALSA SoC Audio DAI I2S Control
//
// Copyright (c) 2018 MediaTek Inc.
// Author: KaiChieh Chuang <kaichieh.chuang@mediatek.com>
-----------------mt8183-reg.h-----------------
/* SPDX-License-Identifier: GPL-2.0 */

/* Copyright (c) 2018 MediaTek Inc.
 * Author: KaiChieh Chuang <kaichieh.chuang@mediatek.com> */
-----------------mt8183-mt6358-ts3a227-max98357.c-----------------
// SPDX-License-Identifier: GPL-2.0

MODULE_DESCRIPTION("MT8183-MT6358-TS3A227-MAX98357 ALSA SoC machine driver");
MODULE_AUTHOR("Shunli Wang <shunli.wang@mediatek.com>");
MODULE_LICENSE("GPL v2");
MODULE_ALIAS("mt8183_mt6358_ts3a227_max98357 soc card");
-----------------mt8183-afe-common.h-----------------
/* SPDX-License-Identifier: GPL-2.0 */
Copyright (c) 2018 MediaTek Inc.
