-----------------hdac_regmap.c-----------------
// SPDX-License-Identifier: GPL-2.0-only
-----------------hdac_device.c-----------------
// SPDX-License-Identifier: GPL-2.0-only
-----------------trace.h-----------------
/* SPDX-License-Identifier: GPL-2.0 */
-----------------hdac_bus.c-----------------
// SPDX-License-Identifier: GPL-2.0-only
-----------------hdac_controller.c-----------------
// SPDX-License-Identifier: GPL-2.0-only
-----------------local.h-----------------
/* SPDX-License-Identifier: GPL-2.0 */
-----------------hdmi_chmap.c-----------------
// SPDX-License-Identifier: GPL-2.0-only
-----------------hdac_stream.c-----------------
// SPDX-License-Identifier: GPL-2.0-only
-----------------hdac_sysfs.c-----------------
// SPDX-License-Identifier: GPL-2.0
-----------------hda_bus_type.c-----------------
// SPDX-License-Identifier: GPL-2.0-only
MODULE_LICENSE("GPL");
-----------------intel-dsp-config.c-----------------
// SPDX-License-Identifier: GPL-2.0
// Copyright (c) 2019 Jaroslav Kysela <perex@perex.cz>
-----------------trace.c-----------------
#define CREATE_TRACE_POINTS
#include "trace.h"
-----------------intel-nhlt.c-----------------
// SPDX-License-Identifier: GPL-2.0-only
// Copyright (c) 2015-2019 Intel Corporation
-----------------hdac_i915.c-----------------
// SPDX-License-Identifier: GPL-2.0-or-later
-----------------intel-sdw-acpi.c-----------------
// SPDX-License-Identifier: (GPL-2.0 OR BSD-3-Clause)
// Copyright(c) 2015-2021 Intel Corporation.
-----------------array.c-----------------
// SPDX-License-Identifier: GPL-2.0-only
-----------------hdac_component.c-----------------
// SPDX-License-Identifier: GPL-2.0
