-----------------mt8186-afe-clk.h-----------------
/* SPDX-License-Identifier: GPL-2.0
 *
 * Copyright (c) 2022 MediaTek Inc.
 * Author: Jiaxin Yu <jiaxin.yu@mediatek.com>
 */
-----------------mt8186-mt6366.c-----------------
// SPDX-License-Identifier: GPL-2.0

MODULE_DESCRIPTION("MT8186-MT6366 ALSA SoC machine driver");
MODULE_AUTHOR("Jiaxin Yu <jiaxin.yu@mediatek.com>");
MODULE_LICENSE("GPL v2");
MODULE_ALIAS("mt8186_mt6366 soc card");
-----------------mt8186-dai-src.c-----------------
// SPDX-License-Identifier: GPL-2.0

Copyright (c) 2022 MediaTek Inc.
-----------------mt8186-audsys-clk.h-----------------
SPDX-License-Identifier: GPL-2.0

Copyright (c) 2022 MediaTek Inc.
-----------------mt8186-afe-gpio.c-----------------
// SPDX-License-Identifier: GPL-2.0
//
// Copyright (c) 2022 MediaTek Inc.
// Author: Jiaxin Yu <jiaxin.yu@mediatek.com>
-----------------mt8186-dai-hw-gain.c-----------------
// SPDX-License-Identifier: GPL-2.0

Copyright (c) 2022 MediaTek Inc.
-----------------mt8186-afe-control.c-----------------
// SPDX-License-Identifier: GPL-2.0

Copyright (c) 2022 MediaTek Inc.
Author: Jiaxin Yu <jiaxin.yu@mediatek.com>
-----------------mt8186-afe-gpio.h-----------------
/* SPDX-License-Identifier: GPL-2.0

 * Copyright (c) 2022 MediaTek Inc.
 * Author: Jiaxin Yu <jiaxin.yu@mediatek.com>
-----------------mt8186-dai-tdm.c-----------------
// SPDX-License-Identifier: GPL-2.0

Copyright (c) 2022 MediaTek Inc.
-----------------mt8186-afe-clk.c-----------------
// SPDX-License-Identifier: GPL-2.0

Copyright (c) 2022 MediaTek Inc.
-----------------mt8186-audsys-clk.c-----------------
// SPDX-License-Identifier: GPL-2.0

// Copyright (c) 2022 MediaTek Inc.
// Author: Jiaxin Yu <jiaxin.yu@mediatek.com>
-----------------mt8186-mt6366-common.c-----------------
// SPDX-License-Identifier: GPL-2.0

Copyright (c) 2022 MediaTek Inc.
-----------------mt8186-afe-pcm.c-----------------
// SPDX-License-Identifier: GPL-2.0

MODULE_DESCRIPTION("Mediatek ALSA SoC AFE platform driver for 8186");
MODULE_AUTHOR("Jiaxin Yu <jiaxin.yu@mediatek.com>");
MODULE_LICENSE("GPL v2");
-----------------mt8186-dai-i2s.c-----------------
// SPDX-License-Identifier: GPL-2.0

// MediaTek ALSA SoC Audio DAI I2S Control

// Copyright (c) 2022 MediaTek Inc.
// Author: Jiaxin Yu <jiaxin.yu@mediatek.com>
-----------------mt8186-reg.h-----------------
/* SPDX-License-Identifier: GPL-2.0

 * mt8186-reg.h  --  Mediatek 8186 audio driver reg definition
 *
 * Copyright (c) 2022 MediaTek Inc.
 * Author: Jiaxin Yu <jiaxin.yu@mediatek.com>
 */
-----------------mt8186-dai-hostless.c-----------------
// SPDX-License-Identifier: GPL-2.0

Copyright (c) 2022 MediaTek Inc.
-----------------mt8186-dai-pcm.c-----------------
// SPDX-License-Identifier: GPL-2.0

Copyright (c) 2022 MediaTek Inc.
-----------------mt8186-misc-control.c-----------------
// SPDX-License-Identifier: GPL-2.0

// Copyright (c) 2022 MediaTek Inc.
// Author: Jiaxin Yu <jiaxin.yu@mediatek.com>
-----------------mt8186-interconnection.h-----------------
/* SPDX-License-Identifier: GPL-2.0
 *
 * Copyright (c) 2022 MediaTek Inc.
 * Author: Jiaxin Yu <jiaxin.yu@mediatek.com>
 */
-----------------mt8186-afe-common.h-----------------
/* SPDX-License-Identifier: GPL-2.0
 *
 * mt8186-afe-common.h  --  Mediatek 8186 audio driver definitions
 *
 * Copyright (c) 2022 MediaTek Inc.
 * Author: Jiaxin Yu <jiaxin.yu@mediatek.com>
 */
-----------------mt8186-audsys-clkid.h-----------------
SPDX-License-Identifier: GPL-2.0

Copyright (c) 2022 MediaTek Inc.
-----------------mt8186-dai-adda.c-----------------
// SPDX-License-Identifier: GPL-2.0

Copyright (c) 2022 MediaTek Inc.
-----------------mt8186-mt6366-common.h-----------------
/* SPDX-License-Identifier: GPL-2.0 */

Copyright (c) 2022 MediaTek Inc.
Author: Jiaxin Yu <jiaxin.yu@mediatek.com>
