-----------------xenbus_probe_frontend.c-----------------
// SPDX-License-Identifier: GPL-2.0-only
MODULE_LICENSE("GPL");
-----------------xenbus_dev_backend.c-----------------
// SPDX-License-Identifier: GPL-2.0
-----------------xenbus_dev_frontend.c-----------------
Copyright (c) 2005, Christian Limpach
Copyright (c) 2005, Rusty Russell, IBM Corporation

This program is free software; you can redistribute it and/or
modify it under the terms of the GNU General Public License version 2
as published by the Free Software Foundation; or, when distributed
separately from the Linux kernel or incorporated into other
software packages, subject to the following license:

Permission is hereby granted, free of charge, to any person obtaining a copy
of this source file (the "Software"), to deal in the Software without
restriction, including without limitation the rights to use, copy, modify,
merge, publish, distribute, sublicense, and/or sell copies of the Software,
and to permit persons to whom the Software is furnished to do so, subject to
the following conditions:

The above copyright notice and this permission notice shall be included in
all copies or substantial portions of the Software.

THE SOFTWARE IS PROVIDED "
-----------------xenbus_client.c-----------------
This is the extracted part associated with software license or copyright:

```
 * Copyright (C) 2005 XenSource Ltd
 *
 * This program is free software; you can redistribute it and/or
 * modify it under the terms of the GNU General Public License version 2
 * as published by the Free Software Foundation; or, when distributed
 * separately from the Linux kernel or incorporated into other
 * software packages, subject to the following license:
 *
 * Permission is hereby granted, free of charge, to any person obtaining a copy
 * of this source file (the "Software"), to deal in the Software without
 * restriction, including without limitation the rights to use, copy, modify,
 * merge, publish, distribute, sublicense, and/or sell copies of the Software,
 * and to permit persons to whom the Software is furnished to do so, subject to
 * the following conditions:
 *
 * The above copyright notice and this permission notice shall be included in
 * all copies
-----------------xenbus_comms.c-----------------
Copyright (C) 2005 Rusty Russell, IBM Corporation

This program is free software; you can redistribute it and/or
modify it under the terms of the GNU General Public License version 2
as published by the Free Software Foundation; or, when distributed
separately from the Linux kernel or incorporated into other
software packages, subject to the following license:

Permission is hereby granted, free of charge, to any person obtaining a copy
of this source file (the "Software"), to deal in the Software without
restriction, including without limitation the rights to use, copy, modify,
merge, publish, distribute, sublicense, and/or sell copies of the Software,
and to permit persons to whom the Software is furnished to do so, subject to
the following conditions:

The above copyright notice and this permission notice shall be included in
all copies or substantial portions of the Software.

THE SOFTWARE IS PROVIDED "AS IS", WITHOUT WARRANTY OF ANY KIND, EXPRESS OR
IMPLIED,
-----------------xenbus_probe_backend.c-----------------
Copyright (C) 2005 Rusty Russell, IBM Corporation
Copyright (C) 2005 Mike Wray, Hewlett-Packard
Copyright (C) 2005, 2006 XenSource Ltd
Copyright (C) 2007 Solarflare Communications, Inc.

This program is free software; you can redistribute it and/or
modify it under the terms of the GNU General Public License version 2
as published by the Free Software Foundation; or, when distributed
separately from the Linux kernel or incorporated into other
software packages, subject to the following license:

Permission is hereby granted, free of charge, to any person obtaining a copy
of this source file (the "Software"), to deal in the Software without
restriction, including without limitation the rights to use, copy, modify,
merge, publish, distribute, sublicense, and/or sell copies of the Software,
and to permit persons to whom the Software is furnished to do so, subject to
the
-----------------xenbus_probe.c-----------------
Copyright (C) 2005 Rusty Russell, IBM Corporation
Copyright (C) 2005 Mike Wray, Hewlett-Packard
Copyright (C) 2005, 2006 XenSource Ltd

This program is free software; you can redistribute it and/or
modify it under the terms of the GNU General Public License version 2
as published by the Free Software Foundation; or, when distributed
separately from the Linux kernel or incorporated into other
software packages, subject to the following license:

Permission is hereby granted, free of charge, to any person obtaining a copy
of this source file (the "Software"), to deal in the Software without
restriction, including without limitation the rights to use, copy, modify,
merge, publish, distribute, sublicense, and/or sell copies of the Software,
and to permit persons to whom the Software is furnished to do so, subject to
the following conditions:

The above copyright notice and this permission notice shall be
-----------------xenbus_xs.c-----------------
Copyright (C) 2005 Rusty Russell, IBM Corporation

This program is free software; you can redistribute it and/or
modify it under the terms of the GNU General Public License version 2
as published by the Free Software Foundation; or, when distributed
separately from the Linux kernel or incorporated into other
software packages, subject to the following license:

Permission is hereby granted, free of charge, to any person obtaining a copy
of this source file (the "Software"), to deal in the Software without
restriction, including without limitation the rights to use, copy, modify,
merge, publish, distribute, sublicense, and/or sell copies of the Software,
and to permit persons to whom the Software is furnished to do so, subject to
the following conditions:

The above copyright notice and this permission notice shall be included in
all copies or substantial portions of the Software.

THE SOFTWARE IS PROVIDED "AS IS", WITHOUT WARRANTY OF ANY KIND, EXPRESS OR
IMPLIED,
-----------------xenbus.h-----------------
Copyright (C) 2005 Rusty Russell, IBM Corporation
Copyright (C) 2005 XenSource Ltd.

This program is free software; you can redistribute it and/or
modify it under the terms of the GNU General Public License version 2
as published by the Free Software Foundation; or, when distributed
separately from the Linux kernel or incorporated into other
software packages, subject to the following license:

Permission is hereby granted, free of charge, to any person obtaining a copy
of this source file (the "Software"), to deal in the Software without
restriction, including without limitation the rights to use, copy, modify,
merge, publish, distribute, sublicense, and/or sell copies of the Software,
and to permit persons to whom the Software is furnished to do so, subject to
the following conditions:

The above copyright notice and this permission notice shall be included in
all copies or substantial portions of the Software.

THE SOFTWARE IS PROVIDED "AS IS",
