-----------------hw-ish-regs.h-----------------
/* SPDX-License-Identifier: GPL-2.0-only */
/*
 * ISH registers definitions
 *
 * Copyright (c) 2012-2016, Intel Corporation.
 */
-----------------hw-ish.h-----------------
/* SPDX-License-Identifier: GPL-2.0-only */

/*
 * Copyright (c) 2014-2016, Intel Corporation.
 */
-----------------pci-ish.c-----------------
// SPDX-License-Identifier: GPL-2.0-only

/*
 * PCI glue for ISHTP provider device (ISH) driver
 *
 * Copyright (c) 2014-2016, Intel Corporation.
 */

MODULE_AUTHOR("Daniel Drubin <daniel.drubin@intel.com>");
/* Adoption to upstream Linux kernel */
MODULE_AUTHOR("Srinivas Pandruvada <srinivas.pandruvada@linux.intel.com>");

MODULE_DESCRIPTION("Intel(R) Integrated Sensor Hub PCI Device Driver");
MODULE_LICENSE("GPL");

MODULE_FIRMWARE(ISH_FIRMWARE_PATH(ISH_FW_GEN_LNL_M));
MODULE_FIRMWARE(ISH_FIRMWARE_PATH_ALL);
-----------------ipc.c-----------------
// SPDX-License-Identifier: GPL-2.0-only
