-----------------power.c-----------------
// SPDX-License-Identifier: GPL-2.0
/*
 * System Control and Management Interface (SCMI) Power Protocol
 *
 * Copyright (C) 2018-2022 ARM Ltd.
 */
-----------------reset.c-----------------
// SPDX-License-Identifier: GPL-2.0
/*
 * System Control and Management Interface (SCMI) Reset Protocol
 *
 * Copyright (C) 2019-2022 ARM Ltd.
 */
-----------------protocols.h-----------------
/* SPDX-License-Identifier: GPL-2.0 */

Copyright (C) 2022 ARM Ltd.
-----------------pinctrl.c-----------------
// SPDX-License-Identifier: GPL-2.0
/*
 * System Control and Management Interface (SCMI) Pinctrl Protocol
 *
 * Copyright (C) 2024 EPAM
 * Copyright 2024 NXP
 */
-----------------perf.c-----------------
// SPDX-License-Identifier: GPL-2.0

Copyright (C) 2018-2023 ARM Ltd.
-----------------system.c-----------------
// SPDX-License-Identifier: GPL-2.0
/*
 * System Control and Management Interface (SCMI) System Power Protocol
 *
 * Copyright (C) 2020-2022 ARM Ltd.
 */
-----------------shmem.c-----------------
// SPDX-License-Identifier: GPL-2.0

Copyright (C) 2019-2024 ARM Ltd.
-----------------powercap.c-----------------
// SPDX-License-Identifier: GPL-2.0

/*
 * System Control and Management Interface (SCMI) Powercap Protocol
 *
 * Copyright (C) 2022 ARM Ltd.
 */
-----------------sensors.c-----------------
// SPDX-License-Identifier: GPL-2.0

Copyright (C) 2018-2022 ARM Ltd.
-----------------notify.h-----------------
/* SPDX-License-Identifier: GPL-2.0 */
Copyright (C) 2020-2021 ARM Ltd.
-----------------bus.c-----------------
// SPDX-License-Identifier: GPL-2.0
MODULE_LICENSE("GPL");
MODULE_AUTHOR("Sudeep Holla <sudeep.holla@arm.com>");
MODULE_DESCRIPTION("ARM SCMI protocol bus");
MODULE_ALIAS("scmi-core");
-----------------msg.c-----------------
// SPDX-License-Identifier: GPL-2.0

Copyright (C) 2019-2024 ARM Ltd.
Copyright (C) 2020-2021 OpenSynergy GmbH
-----------------clock.c-----------------
// SPDX-License-Identifier: GPL-2.0

/*
 * System Control and Management Interface (SCMI) Clock Protocol
 *
 * Copyright (C) 2018-2022 ARM Ltd.
 */
-----------------common.h-----------------
/* SPDX-License-Identifier: GPL-2.0 */
/*
 * System Control and Management Interface (SCMI) Message Protocol
 * driver common header file containing some definitions, structures
 * and function prototypes used in all the different SCMI protocols.
 *
 * Copyright (C) 2018-2024 ARM Ltd.
 */
-----------------voltage.c-----------------
// SPDX-License-Identifier: GPL-2.0
/*
 * System Control and Management Interface (SCMI) Voltage Protocol
 *
 * Copyright (C) 2020-2022 ARM Ltd.
 */
-----------------scmi_power_control.c-----------------
// SPDX-License-Identifier: GPL-2.0

Copyright (C) 2020-2022 ARM Ltd.

MODULE_AUTHOR("Cristian Marussi <cristian.marussi@arm.com>");

MODULE_DESCRIPTION("ARM SCMI SystemPower Control driver");

MODULE_LICENSE("GPL");
-----------------notify.c-----------------
// SPDX-License-Identifier: GPL-2.0
-----------------raw_mode.c-----------------
// SPDX-License-Identifier: GPL-2.0
/*
 * System Control and Management Interface (SCMI) Raw mode support
 *
 * Copyright (C) 2022 ARM Ltd.
 */
-----------------raw_mode.h-----------------
/* SPDX-License-Identifier: GPL-2.0 */

Copyright (C) 2022 ARM Ltd.
-----------------driver.c-----------------
// SPDX-License-Identifier: GPL-2.0
/*
 * System Control and Management Interface (SCMI) Message Protocol driver
 *
 * SCMI Message Protocol is used between the System Control Processor(SCP)
 * and the Application Processors(AP). The Message Handling Unit(MHU)
 * provides a mechanism for inter-processor communication between SCP's
 * Cortex M3 and AP.
 *
 * SCP offers control and management of the core/cluster power states,
 * various power domain DVFS including the core/cluster, certain system
 * clocks configuration, thermal sensors and many others.
 *
 * Copyright (C) 2018-2024 ARM Ltd.
 */

#define pr_fmt(fmt) KBUILD_MODNAME ": " fmt

//... (rest of the code remains the same)

MODULE_LICENSE("GPL v2");
MODULE_AUTHOR("Sudeep Holla <sudeep.holla@arm.com>");
MODULE_DESCRIPTION("ARM SCMI protocol driver");
-----------------base.c-----------------
// SPDX-License-Identifier: GPL-2.0

/*
 * System Control and Management Interface (SCMI) Base Protocol
 *
 * Copyright (C) 2018-2021 ARM Ltd.
 */
