-----------------mt8195-mt6359.c-----------------
// SPDX-License-Identifier: GPL-2.0
MODULE_DESCRIPTION("MT8195-MT6359 ALSA SoC machine driver");
MODULE_AUTHOR("Trevor Wu <trevor.wu@mediatek.com>");
MODULE_AUTHOR("YC Hung <yc.hung@mediatek.com>");
MODULE_LICENSE("GPL");
MODULE_ALIAS("mt8195_mt6359 soc card");
-----------------mt8195-dai-pcm.c-----------------
// SPDX-License-Identifier: GPL-2.0

Copyright (c) 2020 MediaTek Inc.
Author: Bicycle Tsai <bicycle.tsai@mediatek.com>
         Trevor Wu <trevor.wu@mediatek.com>
-----------------mt8195-audsys-clkid.h-----------------
/* SPDX-License-Identifier: GPL-2.0 */

Copyright (c) 2021 MediaTek Inc.
-----------------mt8195-reg.h-----------------
/* SPDX-License-Identifier: GPL-2.0 */

/* mt8195-reg.h  --  Mediatek 8195 audio driver reg definition

 * Copyright (c) 2021 MediaTek Inc.
 * Author: Bicycle Tsai <bicycle.tsai@mediatek.com>
 *         Trevor Wu <trevor.wu@mediatek.com>
 */
-----------------mt8195-afe-clk.c-----------------
// SPDX-License-Identifier: GPL-2.0
-----------------mt8195-afe-clk.h-----------------
/* SPDX-License-Identifier: GPL-2.0 */

Copyright (c) 2021 MediaTek Inc.
-----------------mt8195-dai-etdm.c-----------------
// SPDX-License-Identifier: GPL-2.0
/*
 * MediaTek ALSA SoC Audio DAI eTDM Control
 *
 * Copyright (c) 2021 MediaTek Inc.
 * Author: Bicycle Tsai <bicycle.tsai@mediatek.com>
 *         Trevor Wu <trevor.wu@mediatek.com>
 */
-----------------mt8195-dai-adda.c-----------------
// SPDX-License-Identifier: GPL-2.0
/*
 * MediaTek ALSA SoC Audio DAI ADDA Control
 *
 * Copyright (c) 2021 MediaTek Inc.
 * Author: Bicycle Tsai <bicycle.tsai@mediatek.com>
 *         Trevor Wu <trevor.wu@mediatek.com>
 */
-----------------mt8195-afe-common.h-----------------
/* SPDX-License-Identifier: GPL-2.0 */
/*
 * mt8195-afe-common.h  --  Mediatek 8195 audio driver definitions
 *
 * Copyright (c) 2021 MediaTek Inc.
 * Author: Bicycle Tsai <bicycle.tsai@mediatek.com>
 *         Trevor Wu <trevor.wu@mediatek.com>
 */
-----------------mt8195-audsys-clk.c-----------------
// SPDX-License-Identifier: GPL-2.0

/*
 * mt8195-audsys-clk.h  --  Mediatek 8195 audsys clock control
 *
 * Copyright (c) 2021 MediaTek Inc.
 * Author: Trevor Wu <trevor.wu@mediatek.com>
 */
-----------------mt8195-audsys-clk.h-----------------
/* SPDX-License-Identifier: GPL-2.0 */
 
/*
 * Copyright (c) 2021 MediaTek Inc.
 * Author: Trevor Wu <trevor.wu@mediatek.com>
 */
-----------------mt8195-afe-pcm.c-----------------
// SPDX-License-Identifier: GPL-2.0

MODULE_DESCRIPTION("Mediatek ALSA SoC AFE platform driver for 8195");
MODULE_AUTHOR("Bicycle Tsai <bicycle.tsai@mediatek.com>");
MODULE_LICENSE("GPL v2");
