-----------------oxfw.h-----------------
/* SPDX-License-Identifier: GPL-2.0-only */
/*
 * oxfw.h - a part of driver for OXFW970/971 based devices
 *
 * Copyright (c) Clemens Ladisch <clemens@ladisch.de>
 */
-----------------oxfw-proc.c-----------------
// SPDX-License-Identifier: GPL-2.0-only

Copyright (c) 2014 Takashi Sakamoto
-----------------oxfw-hwdep.c-----------------
// SPDX-License-Identifier: GPL-2.0-only

Copyright (c) 2014 Takashi Sakamoto
-----------------oxfw.c-----------------
// SPDX-License-Identifier: GPL-2.0-only
MODULE_LICENSE("GPL");
MODULE_AUTHOR("Clemens Ladisch <clemens@ladisch.de>");
-----------------oxfw-command.c-----------------
// SPDX-License-Identifier: GPL-2.0-only

Copyright (c) 2014 Takashi Sakamoto
-----------------oxfw-scs1x.c-----------------
// SPDX-License-Identifier: GPL-2.0-only

Copyright (c) Clemens Ladisch <clemens@ladisch.de>
Copyright (c) 2015 Takashi Sakamoto <o-takashi@sakamocchi.jp>
-----------------oxfw-midi.c-----------------
// SPDX-License-Identifier: GPL-2.0-only

Copyright (c) 2014 Takashi Sakamoto
-----------------oxfw-stream.c-----------------
// SPDX-License-Identifier: GPL-2.0-only
/*
 * oxfw_stream.c - a part of driver for OXFW970/971 based devices
 *
 * Copyright (c) 2014 Takashi Sakamoto
 */
-----------------oxfw-spkr.c-----------------
// SPDX-License-Identifier: GPL-2.0-only

Copyright (c) Clemens Ladisch <clemens@ladisch.de>
-----------------oxfw-pcm.c-----------------
// SPDX-License-Identifier: GPL-2.0-only

Copyright (c) Clemens Ladisch <clemens@ladisch.de>
