-----------------i2c-hid-acpi.c-----------------
Copyright (c) 2012 Benjamin Tissoires <benjamin.tissoires@gmail.com>
Copyright (c) 2012 Ecole Nationale de l'Aviation Civile, France
Copyright (c) 2012 Red Hat, Inc

Copyright (c) 1999 Andreas Gal
Copyright (c) 2000-2005 Vojtech Pavlik <vojtech@suse.cz>
Copyright (c) 2005 Michael Haboustak <mike-@cinci.rr.com> for Concept2, Inc
Copyright (c) 2007-2008 Oliver Neukum
Copyright (c) 2006-2010 Jiri Kosina

This file is subject to the terms and conditions of the GNU General Public
License.  See the file COPYING in the main directory of this archive for
more details.

MODULE_LICENSE("GPL")
-----------------i2c-hid-of-goodix.c-----------------
// SPDX-License-Identifier: GPL-2.0
MODULE_LICENSE("GPL v2")
-----------------i2c-hid-core.c-----------------
Copyright (c) 2012 Benjamin Tissoires <benjamin.tissoires@gmail.com>
Copyright (c) 2012 Ecole Nationale de l'Aviation Civile, France
Copyright (c) 2012 Red Hat, Inc

Copyright (c) 1999 Andreas Gal
Copyright (c) 2000-2005 Vojtech Pavlik <vojtech@suse.cz>
Copyright (c) 2005 Michael Haboustak <mike-@cinci.rr.com> for Concept2, Inc
Copyright (c) 2007-2008 Oliver Neukum
Copyright (c) 2006-2010 Jiri Kosina

MODULE_DESCRIPTION("HID over I2C core driver")
MODULE_AUTHOR("Benjamin Tissoires <benjamin.tissoires@gmail.com>")
MODULE_LICENSE("GPL")
-----------------i2c-hid.h-----------------
/* SPDX-License-Identifier: GPL-2.0+ */
-----------------i2c-hid-dmi-quirks.c-----------------
// SPDX-License-Identifier: GPL-2.0+

/*
 * Quirks for I2C-HID devices that do not supply proper descriptors
 *
 * Copyright (c) 2018 Julian Sax <jsbc@gmx.de>
 *
 */
-----------------i2c-hid-of.c-----------------
Copyright (c) 2012 Benjamin Tissoires <benjamin.tissoires@gmail.com>
Copyright (c) 2012 Ecole Nationale de l'Aviation Civile, France
Copyright (c) 2012 Red Hat, Inc

Copyright (c) 1999 Andreas Gal
Copyright (c) 2000-2005 Vojtech Pavlik <vojtech@suse.cz>
Copyright (c) 2005 Michael Haboustak <mike-@cinci.rr.com> for Concept2, Inc
Copyright (c) 2007-2008 Oliver Neukum
Copyright (c) 2006-2010 Jiri Kosina

This file is subject to the terms and conditions of the GNU General Public
License.  See the file COPYING in the main directory of this archive for
more details.

MODULE_DESCRIPTION("HID over I2C OF driver");
MODULE_AUTHOR("Benjamin Tissoires <
-----------------i2c-hid-of-elan.c-----------------
// SPDX-License-Identifier: GPL-2.0

MODULE_AUTHOR("Douglas Anderson <dianders@chromium.org>");

MODULE_DESCRIPTION("Elan i2c-hid touchscreen driver");

MODULE_LICENSE("GPL");
