-----------------intel_hdmi_audio.c-----------------
// SPDX-License-Identifier: GPL-2.0-only
-----------------intel_hdmi_audio.h-----------------
Copyright (C) 2016 Intel Corporation

Permission is hereby granted, free of charge, to any person obtaining
a copy of this software and associated documentation files
(the "Software"), to deal in the Software without restriction,
including without limitation the rights to use, copy, modify, merge,
publish, distribute, sublicense, and/or sell copies of the Software,
and to permit persons to whom the Software is furnished to do so,
subject to the following conditions:

THE SOFTWARE IS PROVIDED "AS IS", WITHOUT WARRANTY OF ANY KIND,
EXPRESS OR IMPLIED, INCLUDING BUT NOT LIMITED TO THE WARRANTIES OF
MERCHANTABILITY, FITNESS FOR A PARTICULAR PURPOSE AND
NONINFRINGEMENT.  IN NO EVENT SHALL THE AUTHORS OR COPYRIGHT HOLDERS
BE LIABLE FOR ANY CLAIM, DAMAGES OR OTHER LIABILITY, WHETHER IN AN
ACTION OF CONTRACT, TORT OR OTHERWISE, ARISING FROM, OUT OF OR IN
CONNECTION WITH THE SOFTWARE OR THE USE OR OTHER DEALINGS IN THE
SOFTWARE.
-----------------intel_hdmi_lpe_audio.h-----------------
/* SPDX-License-Identifier: GPL-2.0-only */
/*
 *   intel_hdmi_lpe_audio.h - Intel HDMI LPE audio driver
 *
 *  Copyright (C) 2016 Intel Corp
 *  Authors:	Sailaja Bandarupalli <sailaja.bandarupalli@intel.com>
 *		Ramesh Babu K V <ramesh.babu@intel.com>
 *		Vaibhav Agarwal <vaibhav.agarwal@intel.com>
 *		Jerome Anand <jerome.anand@intel.com>
 *		Aravind Siddappaji <aravindx.siddappaji@intel.com>
 *  ~~~~~~~~~~~~~~~~~~~~~~~~~~~~~~~~~~~~~~~~~~~~~~~~~~~~~~~~~~~~~~~~~~~~
 *
 * ~~~~~~~~~~~~~~~~~~~~~~~~~~~~~~~~~~~~~~~~~~~~~~~~~~~~~~~~~~~~~~~~~~~~~
 */
