-----------------seq_oss_writeq.h-----------------
/* SPDX-License-Identifier: GPL-2.0-or-later */

Copyright (C) 1998,99 Takashi Iwai <tiwai@suse.de>
-----------------seq_oss_timer.c-----------------
// SPDX-License-Identifier: GPL-2.0-or-later

Copyright (C) 1998,99 Takashi Iwai <tiwai@suse.de>
-----------------seq_oss_ioctl.c-----------------
// SPDX-License-Identifier: GPL-2.0-or-later

Copyright (C) 1998,99 Takashi Iwai <tiwai@suse.de>
-----------------seq_oss_synth.h-----------------
/* SPDX-License-Identifier: GPL-2.0-or-later */
 
Copyright (C) 1998,99 Takashi Iwai <tiwai@suse.de>
-----------------seq_oss_timer.h-----------------
/* SPDX-License-Identifier: GPL-2.0-or-later */

Copyright (C) 1998,99 Takashi Iwai <tiwai@suse.de>
-----------------seq_oss_rw.c-----------------
// SPDX-License-Identifier: GPL-2.0-or-later

Copyright (C) 1998,99 Takashi Iwai <tiwai@suse.de>
-----------------seq_oss_event.h-----------------
Copyright (C) 1998,99 Takashi Iwai <tiwai@suse.de>
-----------------seq_oss_midi.h-----------------
/* SPDX-License-Identifier: GPL-2.0-or-later */

Copyright (C) 1998,99 Takashi Iwai <tiwai@suse.de>
-----------------seq_oss_synth.c-----------------
// SPDX-License-Identifier: GPL-2.0-or-later
-----------------seq_oss_writeq.c-----------------
// SPDX-License-Identifier: GPL-2.0-or-later

Copyright (C) 1998,99 Takashi Iwai <tiwai@suse.de>
-----------------seq_oss_readq.c-----------------
// SPDX-License-Identifier: GPL-2.0-or-later
/*
 * Copyright (C) 1998,99 Takashi Iwai <tiwai@suse.de>
 */
-----------------seq_oss_init.c-----------------
// SPDX-License-Identifier: GPL-2.0-or-later

Copyright (C) 1998-1999 Takashi Iwai <tiwai@suse.de>
-----------------seq_oss_midi.c-----------------
// SPDX-License-Identifier: GPL-2.0-or-later

Copyright (C) 1998,99 Takashi Iwai <tiwai@suse.de>
-----------------seq_oss_readq.h-----------------
/* SPDX-License-Identifier: GPL-2.0-or-later */

Copyright (C) 1998,99 Takashi Iwai <tiwai@suse.de>
-----------------seq_oss.c-----------------
// SPDX-License-Identifier: GPL-2.0-or-later

Copyright (C) 1998,99 Takashi Iwai <tiwai@suse.de>

MODULE_LICENSE("GPL");
MODULE_AUTHOR("Takashi Iwai <tiwai@suse.de>");
MODULE_DESCRIPTION("OSS-compatible sequencer module");
MODULE_ALIAS_SNDRV_MINOR(SNDRV_MINOR_OSS_SEQUENCER);
MODULE_ALIAS_SNDRV_MINOR(SNDRV_MINOR_OSS_MUSIC);
-----------------seq_oss_event.c-----------------
// SPDX-License-Identifier: GPL-2.0-or-later

Copyright (C) 1998,99 Takashi Iwai <tiwai@suse.de>
-----------------seq_oss_device.h-----------------
/* SPDX-License-Identifier: GPL-2.0-or-later */

Copyright (C) 1998,99 Takashi Iwai <tiwai@suse.de>
