-----------------pcsp.h-----------------
/* SPDX-License-Identifier: GPL-2.0 */
/*
 * Copyright (C) 1993-1997  Michael Beck
 * Copyright (C) 1997-2001  David Woodhouse
 * Copyright (C) 2001-2008  Stas Sergeev
 */
-----------------pcsp_input.h-----------------
SPDX-License-Identifier: GPL-2.0 

Copyright (C) 2001-2008  Stas Sergeev
-----------------pcsp_lib.c-----------------
// SPDX-License-Identifier: GPL-2.0

/*
 * Copyright (C) 1993-1997  Michael Beck
 * Copyright (C) 1997-2001  David Woodhouse
 * Copyright (C) 2001-2008  Stas Sergeev
 */
-----------------pcsp.c-----------------
// SPDX-License-Identifier: GPL-2.0-only

/*
 * Copyright (C) 1997-2001  David Woodhouse
 * Copyright (C) 2001-2008  Stas Sergeev
 */

MODULE_LICENSE("GPL");
MODULE_AUTHOR("Stas Sergeev <stsp@users.sourceforge.net>");
MODULE_DESCRIPTION("PC-Speaker driver");
MODULE_ALIAS("platform:pcspkr");
-----------------pcsp_mixer.c-----------------
// SPDX-License-Identifier: GPL-2.0
/*
 * PC-Speaker driver for Linux
 *
 * Mixer implementation.
 * Copyright (C) 2001-2008  Stas Sergeev
 */
-----------------pcsp_input.c-----------------
// SPDX-License-Identifier: GPL-2.0-only
 *  Copyright (c) 2002 Vojtech Pavlik
 *  Copyright (c) 1992 Orest Zborowski
