-----------------opl3_midi.c-----------------
// SPDX-License-Identifier: GPL-2.0-or-later
-----------------opl3_voice.h-----------------
/* SPDX-License-Identifier: GPL-2.0-or-later */
/*
 *  Copyright (c) 2000 Uros Bizjak <uros@kss-loka.si>
 */
-----------------opl3_drums.c-----------------
// SPDX-License-Identifier: GPL-2.0-or-later
/*
 *  Copyright (c) by Uros Bizjak <uros@kss-loka.si>
 *
-----------------opl3_lib.c-----------------
// SPDX-License-Identifier: GPL-2.0-or-later

MODULE_LICENSE("GPL");

MODULE_AUTHOR("Jaroslav Kysela <perex@perex.cz>, Hannu Savolainen 1993-1996, Rob Hooft");
-----------------opl3_seq.c-----------------
// SPDX-License-Identifier: GPL-2.0-or-later

MODULE_LICENSE("GPL");

MODULE_AUTHOR("Uros Bizjak <uros@kss-loka.si>");
MODULE_DESCRIPTION("ALSA driver for OPL3 FM synth");
-----------------opl3_synth.c-----------------
// SPDX-License-Identifier: GPL-2.0-or-later
-----------------opl3_oss.c-----------------
// SPDX-License-Identifier: GPL-2.0-or-later

Copyright (C) 2000 Uros Bizjak <uros@kss-loka.si>
