-----------------opl4_synth.c-----------------
Copyright (c) 2003 by Clemens Ladisch <clemens@ladisch.de>
All rights reserved.

Redistribution and use in source and binary forms, with or without
modification, are permitted provided that the following conditions
are met:
1. Redistributions of source code must retain the above copyright
   notice, this list of conditions, and the following disclaimer,
   without modification.
2. The name of the author may not be used to endorse or promote products
   derived from this software without specific prior written permission.

Alternatively, this software may be distributed and/or modified under the
terms of the GNU General Public License as published by the Free Software
Foundation; either version 2 of the License, or (at your option) any later
version.

THIS SOFTWARE IS PROVIDED BY THE AUTHOR AND CONTRIBUTORS ``AS IS'' AND
ANY EXPRESS OR IMPLIED WARRANTIES, INCLUDING, BUT NOT LIMITED TO, THE
IMPLIED WARRANTIES OF MERCHANTABILITY AND FITNESS FOR A PARTICULAR PURPOSE
ARE DISCLAIMED
-----------------opl4_seq.c-----------------
Copyright (c) 2003 by Clemens Ladisch <clemens@ladisch.de>
All rights reserved.

Redistribution and use in source and binary forms, with or without
modification, are permitted provided that the following conditions
are met:
1. Redistributions of source code must retain the above copyright
   notice, this list of conditions, and the following disclaimer,
   without modification.
2. The name of the author may not be used to endorse or promote products
   derived from this software without specific prior written permission.

Alternatively, this software may be distributed and/or modified under the
terms of the GNU General Public License as published by the Free Software
Foundation; either version 2 of the License, or (at your option) any later
version.

THIS SOFTWARE IS PROVIDED BY THE AUTHOR AND CONTRIBUTORS ``AS IS'' AND
ANY EXPRESS OR IMPLIED WARRANTIES, INCLUDING, BUT NOT LIMITED TO, THE
IMPLIED WARRANTIES OF MERCHANTABILITY AND FITNESS FOR A PARTICULAR PURPOSE
ARE DISCLAIMED
-----------------opl4_proc.c-----------------
// SPDX-License-Identifier: GPL-2.0-or-later

/*
 * Copyright (c) 2003 by Clemens Ladisch <clemens@ladisch.de>
 */
-----------------opl4_local.h-----------------
Copyright (c) 2003 by Clemens Ladisch <clemens@ladisch.de>
All rights reserved.

Redistribution and use in source and binary forms, with or without
modification, are permitted provided that the following conditions
are met:
1. Redistributions of source code must retain the above copyright
notice, this list of conditions, and the following disclaimer,
without modification.
2. The name of the author may not be used to endorse or promote products
derived from this software without specific prior written permission.

Alternatively, this software may be distributed and/or modified under the
terms of the GNU General Public License as published by the Free Software
Foundation; either version 2 of the License, or (at your option) any later
version.

THIS SOFTWARE IS PROVIDED BY THE AUTHOR AND CONTRIBUTORS ``AS IS'' AND
ANY EXPRESS OR IMPLIED WARRANTIES, INCLUDING, BUT NOT LIMITED TO, THE
IMPLIED WARRANTIES OF MERCHANTABILITY AND FITNESS FOR A PARTICULAR PURPOSE
ARE DISCLAIMED. IN NO
-----------------opl4_lib.c-----------------
// SPDX-License-Identifier: GPL-2.0-or-later
/*
 * Functions for accessing OPL4 devices
 * Copyright (c) 2003 by Clemens Ladisch <clemens@ladisch.de>
 */
-----------------opl4_mixer.c-----------------
// SPDX-License-Identifier: GPL-2.0-or-later
/*
 * OPL4 mixer functions
 * Copyright (c) 2003 by Clemens Ladisch <clemens@ladisch.de>
 */
-----------------yrw801.c-----------------
Copyright (c) 2003 by Clemens Ladisch <clemens@ladisch.de>
All rights reserved.

Redistribution and use in source and binary forms, with or without
modification, are permitted provided that the following conditions
are met:
1. Redistributions of source code must retain the above copyright
   notice, this list of conditions, and the following disclaimer,
   without modification.
2. The name of the author may not be used to endorse or promote products
   derived from this software without specific prior written permission.

Alternatively, this software may be distributed and/or modified under the
terms of the GNU General Public License as published by the Free Software
Foundation; either version 2 of the License, or (at your option) any later
version.

THIS SOFTWARE IS PROVIDED BY THE AUTHOR AND CONTRIBUTORS ``AS IS'' AND
ANY EXPRESS OR IMPLIED WARRANTIES, INCLUDING, BUT NOT LIMITED TO, THE
IMPLIED WARRANTIES OF MERCHANTABILITY AND FITNESS FOR A PARTICULAR PURPOSE
ARE DISCLAIMED
