-----------------msnd.h-----------------
/* SPDX-License-Identifier: GPL-2.0-or-later */

Copyright (C) 1998 Andrew Veliath
Copyright (C) 1993 Turtle Beach Systems, Inc.
-----------------msnd_pinnacle_mixer.c-----------------
// SPDX-License-Identifier: GPL-2.0-or-later

(c) 2002 by karsten wiese
-----------------msnd.c-----------------
Copyright (C) 1998 Andrew Veliath
MODULE_LICENSE("GPL");
MODULE_DESCRIPTION("Common routines for Turtle Beach Multisound drivers");
-----------------msnd_midi.c-----------------
// SPDX-License-Identifier: GPL-2.0-or-later

Copyright (c) by Jaroslav Kysela <perex@perex.cz>
Copyright (c) 2009 by Krzysztof Helt
-----------------msnd_classic.h-----------------
/* SPDX-License-Identifier: GPL-2.0-or-later */

Copyright (C) 1998 Andrew Veliath
Copyright (C) 1993 Turtle Beach Systems, Inc.
-----------------msnd_classic.c-----------------
#define MSND_CLASSIC
#include "msnd_pinnacle.c"
-----------------msnd_pinnacle.h-----------------
/* SPDX-License-Identifier: GPL-2.0-or-later */
 
Copyright (C) 1998 Andrew Veliath
 
Copyright (C) 1993 Turtle Beach Systems, Inc.
-----------------msnd_pinnacle.c-----------------
// SPDX-License-Identifier: GPL-2.0-or-later
