-----------------surface_hid.c-----------------
// SPDX-License-Identifier: GPL-2.0+
 
 * Surface System Aggregator Module (SSAM) HID transport driver for the
 * generic HID interface (HID/TC=0x15 subsystem). Provides support for
 * integrated HID devices on Surface Laptop 3, Book 3, and later.
 
 * Copyright (C) 2019-2021 Blaž Hrastnik <blaz@mxxn.io>,
 *                         Maximilian Luz <luzmaximilian@gmail.com>
 
MODULE_AUTHOR("Blaž Hrastnik <blaz@mxxn.io>");
MODULE_AUTHOR("Maximilian Luz <luzmaximilian@gmail.com>");
MODULE_DESCRIPTION("HID transport driver for Surface System Aggregator Module");
MODULE_LICENSE("GPL");
-----------------surface_kbd.c-----------------
// SPDX-License-Identifier: GPL-2.0+
Copyright (C) 2019-2021 Maximilian Luz <luzmaximilian@gmail.com>
-----------------surface_hid_core.h-----------------
/* SPDX-License-Identifier: GPL-2.0+ */

Copyright (C) 2019-2021 Maximilian Luz <luzmaximilian@gmail.com>
-----------------surface_hid_core.c-----------------
// SPDX-License-Identifier: GPL-2.0+
 
Copyright (C) 2019-2021 Maximilian Luz <luzmaximilian@gmail.com>
