-----------------wavefront_fx.c-----------------
// SPDX-License-Identifier: GPL-2.0-or-later

/*
 *  Copyright (c) 1998-2002 by Paul Davis <pbd@op.net>
 */
-----------------wavefront_midi.c-----------------
// SPDX-License-Identifier: GPL-2.0-only

Copyright (C) by Paul Barton-Davis 1998-1999
-----------------wavefront.c-----------------
// SPDX-License-Identifier: GPL-2.0-or-later

MODULE_LICENSE("GPL");
-----------------wavefront_synth.c-----------------
// SPDX-License-Identifier: GPL-2.0-only
/* Copyright (C) by Paul Barton-Davis 1998-1999
 *
 * Some portions of this file are taken from work that is
 * copyright (C) by Hannu Savolainen 1993-1996
 */

/*  
 * An ALSA lowlevel driver for Turtle Beach ICS2115 wavetable synth
 *                                             (Maui, Tropez, Tropez Plus)
 *
 * This driver supports the onboard wavetable synthesizer (an ICS2115),
 * including patch, sample and program loading and unloading, conversion
 * of GUS patches during loading, and full user-level access to all
 * WaveFront commands. It tries to provide semi-intelligent patch and
 * sample management as well.
 *
 */

MODULE_LICENSE("GPL");
MODULE_AUTHOR("Paul Barton-Davis");
MODULE_DESCRIPTION("Turtle Beach ICS2115 wavetable synth driver");
MODULE_VERSION("0.1
