-----------------pcm_plugin.h-----------------
/* SPDX-License-Identifier: GPL-2.0-or-later */
/*
 *  Digital Audio (Plugin interface) abstract layer
 *  Copyright (c) by Jaroslav Kysela <perex@perex.cz>
-----------------linear.c-----------------
Copyright (c) 1999 by Jaroslav Kysela <perex@perex.cz>,
			  Abramo Bagnara <abramo@alsa-project.org>

   This library is free software; you can redistribute it and/or modify
   it under the terms of the GNU Library General Public License as
   published by the Free Software Foundation; either version 2 of
   the License, or (at your option) any later version.

   This program is distributed in the hope that it will be useful,
   but WITHOUT ANY WARRANTY; without even the implied warranty of
   MERCHANTABILITY or FITNESS FOR A PARTICULAR PURPOSE.  See the
   GNU Library General Public License for more details.

   You should have received a copy of the GNU Library General Public
   License along with this library; if not, write to the Free Software
   Foundation, Inc., 59 Temple Place, Suite 330, Boston, MA  02111-1307 USA
-----------------pcm_oss.c-----------------
// SPDX-License-Identifier: GPL-2.0-or-later

/*
 *  Digital Audio (PCM) abstract layer / OSS compatible
 *  Copyright (c) by Jaroslav Kysela <perex@perex.cz>
 */

//...
-----------------mixer_oss.c-----------------
// SPDX-License-Identifier: GPL-2.0-or-later
/*
 *  OSS emulation layer for the mixer interface
 *  Copyright (c) by Jaroslav Kysela <perex@perex.cz>
 */
-----------------io.c-----------------
*   This library is free software; you can redistribute it and/or modify
*   it under the terms of the GNU Library General Public License as
*   published by the Free Software Foundation; either version 2 of
*   the License, or (at your option) any later version.
*
*   This program is distributed in the hope that it will be useful,
*   but WITHOUT ANY WARRANTY; without even the implied warranty of
*   MERCHANTABILITY or FITNESS FOR A PARTICULAR PURPOSE.  See the
*   GNU Library General Public License for more details.
*
*   You should have received a copy of the GNU Library General Public
*   License along with this library; if not, write to the Free Software
*   Foundation, Inc., 59 Temple Place, Suite 330, Boston, MA  02111-1307 USA
*   
*   Copyright (c) 1999 by Jaroslav Kysela <perex@perex.cz
-----------------pcm_plugin.c-----------------
This library is free software; you can redistribute it and/or modify
it under the terms of the GNU Library General Public License as
published by the Free Software Foundation; either version 2 of
the License, or (at your option) any later version.

This program is distributed in the hope that it will be useful,
but WITHOUT ANY WARRANTY; without even the implied warranty of
MERCHANTABILITY or FITNESS FOR A PARTICULAR PURPOSE.  See the
GNU Library General Public License for more details.

You should have received a copy of the GNU Library General Public
License along with this library; if not, write to the Free Software
Foundation, Inc., 59 Temple Place, Suite 330, Boston, MA  02111-1307 USA
-----------------rate.c-----------------
Copyright (c) 1999 by Jaroslav Kysela <perex@perex.cz>

   This library is free software; you can redistribute it and/or modify
   it under the terms of the GNU Library General Public License as
   published by the Free Software Foundation; either version 2 of
   the License, or (at your option) any later version.

   This program is distributed in the hope that it will be useful,
   but WITHOUT ANY WARRANTY; without even the implied warranty of
   MERCHANTABILITY or FITNESS FOR A PARTICULAR PURPOSE.  See the
   GNU Library General Public License for more details.

   You should have received a copy of the GNU Library General Public
   License along with this library; if not, write to the Free Software
   Foundation, Inc., 59 Temple Place, Suite 330, Boston, MA  02111-1307 USA
-----------------mulaw.c-----------------
*   This library is free software; you can redistribute it and/or modify
*   it under the terms of the GNU Library General Public License as
*   published by the Free Software Foundation; either version 2 of
*   the License, or (at your option) any later version.
*
*   This program is distributed in the hope that it will be useful,
*   but WITHOUT ANY WARRANTY; without even the implied warranty of
*   MERCHANTABILITY or FITNESS FOR A PARTICULAR PURPOSE.  See the
*   GNU Library General Public License for more details.
*
*   You should have received a copy of the GNU Library General Public
*   License along with this library; if not, write to the Free Software
*   Foundation, Inc., 59 Temple Place, Suite 330, Boston, MA  02111-1307 USA
-----------------copy.c-----------------
This library is free software; you can redistribute it and/or modify
it under the terms of the GNU Library General Public License as
published by the Free Software Foundation; either version 2 of
the License, or (at your option) any later version.

This program is distributed in the hope that it will be useful,
but WITHOUT ANY WARRANTY; without even the implied warranty of
MERCHANTABILITY or FITNESS FOR A PARTICULAR PURPOSE.  See the
GNU Library General Public License for more details.

You should have received a copy of the GNU Library General Public
License along with this library; if not, write to the Free Software
Foundation, Inc., 59 Temple Place, Suite 330, Boston, MA  02111-1307 USA
-----------------route.c-----------------
This library is free software; you can redistribute it and/or modify
it under the terms of the GNU Library General Public License as
published by the Free Software Foundation; either version 2 of
the License, or (at your option) any later version.

This program is distributed in the hope that it will be useful,
but WITHOUT ANY WARRANTY; without even the implied warranty of
MERCHANTABILITY or FITNESS FOR A PARTICULAR PURPOSE.  See the
GNU Library General Public License for more details.

You should have received a copy of the GNU Library General Public
License along with this library; if not, write to the Free Software
Foundation, Inc., 59 Temple Place, Suite 330, Boston, MA  02111-1307 USA
