-----------------acp3x-rn.c-----------------
// SPDX-License-Identifier: GPL-2.0+

Copyright 2020 Advanced Micro Devices, Inc.

MODULE_AUTHOR("Vijendar.Mukunda@amd.com");

MODULE_DESCRIPTION("AMD Renoir support for DMIC");

MODULE_LICENSE("GPL v2");

MODULE_ALIAS("platform:" DRV_NAME);
-----------------rn_acp3x.h-----------------
/* SPDX-License-Identifier: GPL-2.0+ */

Copyright 2020 Advanced Micro Devices, Inc.
-----------------acp3x-pdm-dma.c-----------------
// SPDX-License-Identifier: GPL-2.0+
//
// AMD ALSA SoC PDM Driver
//
//Copyright 2020 Advanced Micro Devices, Inc.
-----------------rn-pci-acp3x.c-----------------
// SPDX-License-Identifier: GPL-2.0+

// Copyright 2020 Advanced Micro Devices, Inc.
-----------------rn_chip_offset_byte.h-----------------
/* SPDX-License-Identifier: GPL-2.0+ */

/*
 * Copyright 2020 Advanced Micro Devices, Inc.
 */
