-----------------inode.c-----------------
Fail
-----------------hashtab.c-----------------
Fail
-----------------bpf_lsm.c-----------------
Fail
-----------------link_iter.c-----------------
Fail
-----------------map_in_map.c-----------------
Fail
-----------------mmap_unlock_work.h-----------------
Fail
-----------------btf_relocate.c-----------------
Fail
-----------------core.c-----------------
Fail
-----------------token.c-----------------
Fail
-----------------map_iter.c-----------------
Fail
-----------------bpf_cgrp_storage.c-----------------
Fail
-----------------bpf_local_storage.c-----------------
Fail
-----------------verifier.c-----------------
Fail
-----------------bpf_lru_list.c-----------------
Fail
-----------------sysfs_btf.c-----------------
Fail
-----------------tnum.c-----------------
Fail
-----------------cgroup_iter.c-----------------
Fail
-----------------ringbuf.c-----------------
Fail
-----------------map_in_map.h-----------------
Fail
-----------------arraymap.c-----------------
Fail
-----------------crypto.c-----------------
Fail
-----------------helpers.c-----------------
Fail
-----------------cpumask.c-----------------
Fail
-----------------dispatcher.c-----------------
Fail
-----------------arena.c-----------------
Fail
-----------------memalloc.c-----------------
Fail
-----------------tcx.c-----------------
Fail
-----------------relo_core.c-----------------
Fail
-----------------task_iter.c-----------------
Fail
-----------------mprog.c-----------------
Fail
-----------------percpu_freelist.c-----------------
Fail
-----------------trampoline.c-----------------
Fail
-----------------devmap.c-----------------
Fail
-----------------log.c-----------------
Fail
-----------------bloom_filter.c-----------------
Fail
-----------------offload.c-----------------
Fail
-----------------bpf_inode_storage.c-----------------
Fail
-----------------local_storage.c-----------------
Fail
-----------------stackmap.c-----------------
Fail
-----------------reuseport_array.c-----------------
Fail
-----------------syscall.c-----------------
Fail
-----------------disasm.c-----------------
Fail
-----------------percpu_freelist.h-----------------
Fail
-----------------lpm_trie.c-----------------
Fail
-----------------bpf_iter.c-----------------
Fail
-----------------prog_iter.c-----------------
Fail
-----------------btf.c-----------------
Fail
-----------------disasm.h-----------------
Fail
-----------------bpf_task_storage.c-----------------
Fail
-----------------btf_iter.c-----------------
Fail
-----------------net_namespace.c-----------------
Fail
-----------------bpf_struct_ops.c-----------------
Fail
-----------------cpumap.c-----------------
Fail
-----------------cgroup.c-----------------
Fail
-----------------bpf_lru_list.h-----------------
Fail
-----------------queue_stack_maps.c-----------------
Fail
