-----------------mtl.c-----------------
// SPDX-License-Identifier: (GPL-2.0-only OR BSD-3-Clause)
//
// Copyright(c) 2022 Intel Corporation
//
-----------------bdw.c-----------------
// SPDX-License-Identifier: (GPL-2.0-only OR BSD-3-Clause)

MODULE_LICENSE("Dual BSD/GPL");
-----------------hda-dsp.c-----------------
// SPDX-License-Identifier: (GPL-2.0-only OR BSD-3-Clause)

// Copyright(c) 2018 Intel Corporation
-----------------hda-codec.c-----------------
// SPDX-License-Identifier: GPL-2.0-only

// Copyright(c) 2018 Intel Corporation
-----------------hda-common-ops.c-----------------
// SPDX-License-Identifier: (GPL-2.0-only OR BSD-3-Clause)

// Copyright(c) 2022 Intel Corporation
-----------------telemetry.h-----------------
/* SPDX-License-Identifier: (GPL-2.0-only OR BSD-3-Clause) */
/*
 * This file is provided under a dual BSD/GPLv2 license.  When using or
 * redistributing this file, you may do so under either license.
 *
 * Copyright(c) 2023 Intel Corporation
 */
-----------------apl.c-----------------
// SPDX-License-Identifier: (GPL-2.0-only OR BSD-3-Clause)

Copyright(c) 2018 Intel Corporation
-----------------byt.c-----------------
// SPDX-License-Identifier: (GPL-2.0-only OR BSD-3-Clause)

MODULE_LICENSE("Dual BSD/GPL")
-----------------pci-icl.c-----------------
// SPDX-License-Identifier: (GPL-2.0-only OR BSD-3-Clause)

// Copyright(c) 2018-2021 Intel Corporation

MODULE_LICENSE("Dual BSD/GPL")
-----------------hda-loader.c-----------------
// SPDX-License-Identifier: (GPL-2.0-only OR BSD-3-Clause)

Copyright(c) 2018 Intel Corporation

EXPORT_SYMBOL_NS(hda_cl_prepare, SND_SOC_SOF_INTEL_HDA_COMMON);

EXPORT_SYMBOL_NS(hda_cl_trigger, SND_SOC_SOF_INTEL_HDA_COMMON);

EXPORT_SYMBOL_NS(hda_cl_cleanup, SND_SOC_SOF_INTEL_HDA_COMMON);

EXPORT_SYMBOL_NS(hda_dsp_cl_boot_firmware_iccmax, SND_SOC_SOF_INTEL_CNL);

EXPORT_SYMBOL_NS(hda_dsp_cl_boot_firmware, SND_SOC_SOF_INTEL_HDA_COMMON);

EXPORT_SYMBOL_NS(hda_dsp_ipc4_load_library, SND_SOC_SOF_INTEL_HDA_COMMON);

EXPORT_SYMBOL_NS(hda_dsp_ext_man_get_cavs_config_data, SND_SOC_SOF_INTEL_HDA_COMMON);
-----------------shim.h-----------------
/* SPDX-License-Identifier: (GPL-2.0-only OR BSD-3-Clause) */

/*
 * This file is provided under a dual BSD/GPLv2 license.  When using or
 * redistributing this file, you may do so under either license.
 *
 * Copyright(c) 2017 Intel Corporation
 *
 * Author: Liam Girdwood <liam.r.girdwood@linux.intel.com>
 */
-----------------cnl.c-----------------
// SPDX-License-Identifier: (GPL-2.0-only OR BSD-3-Clause)

Copyright(c) 2018 Intel Corporation
-----------------pci-mtl.c-----------------
// SPDX-License-Identifier: (GPL-2.0-only OR BSD-3-Clause)
//
// This file is provided under a dual BSD/GPLv2 license.  When using or
// redistributing this file, you may do so under either license.
//
// Copyright(c) 2018-2022 Intel Corporation
//
// Author: Ranjani Sridharan <ranjani.sridharan@linux.intel.com>
//
MODULE_LICENSE("Dual BSD/GPL");
MODULE_DESCRIPTION("SOF support for MeteorLake platforms");
MODULE_IMPORT_NS(SND_SOC_SOF_INTEL_HDA_GENERIC);
MODULE_IMPORT_NS(SND_SOC_SOF_INTEL_HDA_COMMON);
MODULE_IMPORT_NS(SND_SOC_SOF_PCI_DEV);
-----------------hda-ipc.h-----------------
/* SPDX-License-Identifier: (GPL-2.0-only OR BSD-3-Clause) */

/*
 * This file is provided under a dual BSD/GPLv2 license.  When using or
 * redistributing this file, you may do so under either license.
 *
 * Copyright(c) 2019 Intel Corporation
 */
-----------------pci-tng.c-----------------
// SPDX-License-Identifier: (GPL-2.0-only OR BSD-3-Clause)
MODULE_LICENSE("Dual BSD/GPL");
-----------------mtl.h-----------------
/* SPDX-License-Identifier: (GPL-2.0-only OR BSD-3-Clause) */

/*
 * Copyright(c) 2020-2022 Intel Corporation
 */
-----------------hda-pcm.c-----------------
// SPDX-License-Identifier: (GPL-2.0-only OR BSD-3-Clause)

Copyright(c) 2018 Intel Corporation
-----------------tracepoints.c-----------------
// SPDX-License-Identifier: GPL-2.0
-----------------hda-dai-ops.c-----------------
// SPDX-License-Identifier: (GPL-2.0-only OR BSD-3-Clause)

Copyright(c) 2022 Intel Corporation
-----------------hda-probes.c-----------------
// SPDX-License-Identifier: (GPL-2.0-only OR BSD-3-Clause)

Copyright(c) 2019-2021 Intel Corporation
-----------------pci-lnl.c-----------------
// SPDX-License-Identifier: (GPL-2.0-only OR BSD-3-Clause)

Copyright(c) 2023 Intel Corporation

MODULE_LICENSE("Dual BSD/GPL")
-----------------pci-tgl.c-----------------
// SPDX-License-Identifier: (GPL-2.0-only OR BSD-3-Clause)

MODULE_LICENSE("Dual BSD/GPL")
-----------------lnl.c-----------------
// SPDX-License-Identifier: (GPL-2.0-only OR BSD-3-Clause)

// Copyright(c) 2023 Intel Corporation
-----------------hda-ctrl.c-----------------
// SPDX-License-Identifier: (GPL-2.0-only OR BSD-3-Clause)

// This file is provided under a dual BSD/GPLv2 license.  When using or
// redistributing this file, you may do so under either license.

Copyright(c) 2018 Intel Corporation
-----------------atom.c-----------------
// SPDX-License-Identifier: (GPL-2.0-only OR BSD-3-Clause)

MODULE_LICENSE("Dual BSD/GPL");
-----------------pci-ptl.c-----------------
// SPDX-License-Identifier: (GPL-2.0-only OR BSD-3-Clause)

Copyright(c) 2024 Intel Corporation.

MODULE_LICENSE("Dual BSD/GPL")
-----------------skl.c-----------------
// SPDX-License-Identifier: (GPL-2.0-only OR BSD-3-Clause)

Copyright(c) 2018-2022 Intel Corporation
-----------------lnl.h-----------------
/* SPDX-License-Identifier: (GPL-2.0-only OR BSD-3-Clause) */

Copyright(c) 2024 Intel Corporation
-----------------hda-ipc.c-----------------
// SPDX-License-Identifier: (GPL-2.0-only OR BSD-3-Clause)

// Copyright(c) 2018 Intel Corporation
-----------------pci-apl.c-----------------
// SPDX-License-Identifier: (GPL-2.0-only OR BSD-3-Clause)

// Copyright(c) 2018-2021 Intel Corporation

MODULE_LICENSE("Dual BSD/GPL")
-----------------telemetry.c-----------------
// SPDX-License-Identifier: (GPL-2.0-only OR BSD-3-Clause)

Copyright(c) 2023 Intel Corporation
-----------------hda.c-----------------
// SPDX-License-Identifier: (GPL-2.0-only OR BSD-3-Clause)

MODULE_LICENSE("Dual BSD/GPL");
-----------------pci-skl.c-----------------
// SPDX-License-Identifier: (GPL-2.0-only OR BSD-3-Clause)
//
// Copyright(c) 2018-2022 Intel Corporation
//
MODULE_LICENSE("Dual BSD/GPL");
-----------------icl.c-----------------
// SPDX-License-Identifier: (GPL-2.0-only OR BSD-3-Clause)
//
// Copyright(c) 2020 Intel Corporation
//
-----------------pci-cnl.c-----------------
// SPDX-License-Identifier: (GPL-2.0-only OR BSD-3-Clause)

This file is provided under a dual BSD/GPLv2 license.  When using or
redistributing this file, you may do so under either license.

Copyright(c) 2018 Intel Corporation

MODULE_LICENSE("Dual BSD/GPL");
MODULE_DESCRIPTION("SOF support for CannonLake platforms");
MODULE_IMPORT_NS(SND_SOC_SOF_INTEL_HDA_GENERIC);
MODULE_IMPORT_NS(SND_SOC_SOF_INTEL_HDA_COMMON);
MODULE_IMPORT_NS(SND_SOC_SOF_PCI_DEV);
-----------------tgl.c-----------------
// SPDX-License-Identifier: (GPL-2.0-only OR BSD-3-Clause)
//
// Copyright(c) 2020 Intel Corporation
//
-----------------atom.h-----------------
/* SPDX-License-Identifier: (GPL-2.0-only OR BSD-3-Clause) */

/*
 * Copyright(c) 2017-2021 Intel Corporation
 */
-----------------hda-dai.c-----------------
// SPDX-License-Identifier: (GPL-2.0-only OR BSD-3-Clause)

// Copyright(c) 2018 Intel Corporation
-----------------hda-stream.c-----------------
// SPDX-License-Identifier: (GPL-2.0-only OR BSD-3-Clause)

Copyright(c) 2018 Intel Corporation
-----------------hda-bus.c-----------------
// SPDX-License-Identifier: (GPL-2.0-only OR BSD-3-Clause)

Copyright(c) 2018 Intel Corporation
-----------------hda-trace.c-----------------
// SPDX-License-Identifier: (GPL-2.0-only OR BSD-3-Clause)

Copyright(c) 2018 Intel Corporation
-----------------hda-mlink.c-----------------
// SPDX-License-Identifier: (GPL-2.0-only OR BSD-3-Clause)

MODULE_LICENSE("Dual BSD/GPL");
-----------------hda-loader-skl.c-----------------
// SPDX-License-Identifier: (GPL-2.0-only OR BSD-3-Clause)
//
// Copyright(c) 2018-2022 Intel Corporation
-----------------hda.h-----------------
/* SPDX-License-Identifier: (GPL-2.0-only OR BSD-3-Clause) */
/* Copyright(c) 2017 Intel Corporation */
-----------------ext_manifest.h-----------------
/* SPDX-License-Identifier: ((GPL-2.0 WITH Linux-syscall-note) OR BSD-3-Clause) */

/*
 * This file is provided under a dual BSD/GPLv2 license.  When using or
 * redistributing this file, you may do so under either license.
 *
 * Copyright(c) 2020 Intel Corporation
 */
