-----------------bpmp-tegra210.c-----------------
// SPDX-License-Identifier: GPL-2.0

/*
 * Copyright (c) 2018, NVIDIA CORPORATION.
 */
-----------------ivc.c-----------------
// SPDX-License-Identifier: GPL-2.0-only
/*
 * Copyright (c) 2014-2016, NVIDIA CORPORATION.  All rights reserved.
 */
-----------------bpmp.c-----------------
// SPDX-License-Identifier: GPL-2.0-only
/*
 * Copyright (c) 2016, NVIDIA CORPORATION.  All rights reserved.
 */
-----------------bpmp-tegra186.c-----------------
// SPDX-License-Identifier: GPL-2.0
/*
 * Copyright (c) 2018, NVIDIA CORPORATION.
 */
-----------------bpmp-debugfs.c-----------------
// SPDX-License-Identifier: GPL-2.0-only
/*
 * Copyright (c) 2017, NVIDIA CORPORATION.  All rights reserved.
 */
-----------------bpmp-private.h-----------------
/* SPDX-License-Identifier: GPL-2.0 */

/*
 * Copyright (c) 2018, NVIDIA CORPORATION.
 */
