-----------------acp3x-pcm-dma.c-----------------
// SPDX-License-Identifier: GPL-2.0+
MODULE_AUTHOR("Vishnuvardhanrao.Ravulapati@amd.com");
MODULE_AUTHOR("Maruthi.Bayyavarapu@amd.com");
MODULE_AUTHOR("Vijendar.Mukunda@amd.com");
MODULE_DESCRIPTION("AMD ACP 3.x PCM Driver");
MODULE_LICENSE("GPL v2");
MODULE_ALIAS("platform:"DRV_NAME);
-----------------acp3x-i2s.c-----------------
// SPDX-License-Identifier: GPL-2.0+

MODULE_AUTHOR("Vishnuvardhanrao.Ravulapati@amd.com")

MODULE_DESCRIPTION("AMD ACP 3.x PCM Driver")

MODULE_LICENSE("GPL v2")
-----------------pci-acp3x.c-----------------
// SPDX-License-Identifier: GPL-2.0+
// 
// AMD ACP PCI Driver
// 
//Copyright 2016 Advanced Micro Devices, Inc.
-----------------acp3x.h-----------------
/* SPDX-License-Identifier: GPL-2.0+ */

Copyright 2016 Advanced Micro Devices, Inc.
-----------------chip_offset_byte.h-----------------
/* SPDX-License-Identifier: GPL-2.0+ */
/*
 * AMD ACP 3.0 Register Documentation
 *
 * Copyright 2016 Advanced Micro Devices, Inc.
 */
