-----------------core.c-----------------
// SPDX-License-Identifier: GPL-2.0

MODULE_DESCRIPTION("Multiplexer subsystem");
MODULE_AUTHOR("Peter Rosin <peda@axentia.se>");
MODULE_LICENSE("GPL v2");
-----------------mmio.c-----------------
// SPDX-License-Identifier: GPL-2.0

Copyright (C) 2017 Pengutronix, Philipp Zabel <kernel@pengutronix.de>

MODULE_DESCRIPTION("MMIO register bitfield-controlled multiplexer driver");

MODULE_AUTHOR("Philipp Zabel <p.zabel@pengutronix.de>");

MODULE_LICENSE("GPL v2");
-----------------adgs1408.c-----------------
// SPDX-License-Identifier: GPL-2.0-or-later

MODULE_LICENSE("GPL");
MODULE_AUTHOR("Mircea Caprioru <mircea.caprioru@analog.com>");
MODULE_DESCRIPTION("Analog Devices ADGS1408 MUX driver");
-----------------adg792a.c-----------------
// SPDX-License-Identifier: GPL-2.0

Copyright (C) 2017 Axentia Technologies AB

MODULE_DESCRIPTION("Analog Devices ADG792A/G Triple 4:1 mux driver")

MODULE_AUTHOR("Peter Rosin <peda@axentia.se>")

MODULE_LICENSE("GPL v2")
-----------------gpio.c-----------------
// SPDX-License-Identifier: GPL-2.0
/*
 * Copyright (C) 2017 Axentia Technologies AB
 *
 * Author: Peter Rosin <peda@axentia.se>
 */
MODULE_DESCRIPTION("GPIO-controlled multiplexer driver");
MODULE_AUTHOR("Peter Rosin <peda@axentia.se>");
MODULE_LICENSE("GPL v2");
