-----------------events_base.c-----------------
// SPDX-License-Identifier: GPL-2.0-only
-----------------events_fifo.c-----------------
Copyright (C) 2013 Citrix Systems R&D ltd.

This source code is free software; you can redistribute it and/or
modify it under the terms of the GNU General Public License as
published by the Free Software Foundation; either version 2 of the
License, or (at your option) any later version.

Or, when distributed separately from the Linux kernel or
incorporated into other software packages, subject to the following
license:

Permission is hereby granted, free of charge, to any person obtaining a copy
of this source file (the "Software"), to deal in the Software without
restriction, including without limitation the rights to use, copy, modify,
merge, publish, distribute, sublicense, and/or sell copies of the Software,
and to permit persons to whom the Software is furnished to do so, subject to
the following conditions:

The above copyright notice and this permission notice shall be included in
all copies or substantial portions of the Software.

THE SOFTWARE
-----------------events_2l.c-----------------
// SPDX-License-Identifier: GPL-2.0
-----------------events_internal.h-----------------
/* SPDX-License-Identifier: GPL-2.0-or-later */
/*
 * Copyright (C) 2013 Citrix Systems R&D Ltd.
 */
